<?xml version="1.0" encoding="UTF-8"?>
<testsuite name="Test Devco" tests="1" skipped="1" failures="0" errors="0" timestamp="2023-06-06T15:25:05" hostname="SIMON" time="6.743">
  <properties/>
  <testcase name="As an user I need to make the Devco test" classname="Test Devco" time="6.743">
    <skipped/>
  </testcase>
  <system-out><![CDATA[]]></system-out>
  <system-err><![CDATA[Starting ChromeDriver 114.0.5735.90 (386bc09e8f4f2e025eddae123f36f6263096ae49-refs/branch-heads/5735@{#1052}) on port 28602
Only local connections are allowed.
Please see https://chromedriver.chromium.org/security-considerations for suggestions on keeping ChromeDriver safe.
ChromeDriver was started successfully.
jun 06, 2023 10:25:10 AM org.openqa.selenium.remote.ProtocolHandshake createSession
INFORMACIÓN: Detected dialect: W3C
]]></system-err>
</testsuite>
